randomForest.R
          used  (Mb) gc trigger   (Mb)  max used   (Mb)
Ncells 2219712 118.6    4297818  229.6   2643489  141.2
Vcells 4273172  32.7  200498821 1529.7 248781262 1898.1

Call:
 randomForest(formula = is_attributed ~ ., data = dtrain, proximity = FALSE) 
               Type of random forest: classification
                     Number of trees: 500
No. of variables tried at each split: 2

        OOB estimate of  error rate: 8.59%
Confusion matrix:
      0     1 class.error
0 24347  1026  0.04043668
1  3267 21360  0.13265928
 Precision 
0.03521127 
   Recall 
0.8571429 
        F1 
0.06764374 
NULL
