randomForest.R
          used  (Mb) gc trigger   (Mb)  max used   (Mb)
Ncells 2219707 118.6    4297740  229.6   2643576  141.2
Vcells 7271088  55.5  161551057 1232.6 252340292 1925.3

Call:
 randomForest(formula = is_attributed ~ ., data = dtrain, proximity = FALSE) 
               Type of random forest: classification
                     Number of trees: 500
No. of variables tried at each split: 2

        OOB estimate of  error rate: 7.9%
Confusion matrix:
       0      1 class.error
0 144966   5301  0.03527721
1  18405 131328  0.12291880
Precision 
0.9997188 
   Recall 
0.9384866 
       F1 
0.9681355 
Confusion Matrix and Statistics

          Reference
Prediction      0      1
         0 280859     79
         1  18409    653
                                          
               Accuracy : 0.9384          
                 95% CI : (0.9375, 0.9392)
    No Information Rate : 0.9976          
    P-Value [Acc > NIR] : 1               
                                          
                  Kappa : 0.0616          
                                          
 Mcnemar's Test P-Value : <2e-16          
                                          
              Precision : 0.9997          
                 Recall : 0.9385          
                     F1 : 0.9681          
             Prevalence : 0.9976          
         Detection Rate : 0.9362          
   Detection Prevalence : 0.9365          
      Balanced Accuracy : 0.9153          
                                          
       'Positive' Class : 0               
                                          
