randomForest.R
          used  (Mb) gc trigger   (Mb)  max used   (Mb)
Ncells 2219707 118.6    4297820  229.6   2643489  141.2
Vcells 7271088  55.5  161551057 1232.6 252340292 1925.3

Call:
 randomForest(formula = is_attributed ~ ., data = dtrain, proximity = FALSE) 
               Type of random forest: classification
                     Number of trees: 500
No. of variables tried at each split: 2

        OOB estimate of  error rate: 7.89%
Confusion matrix:
       0      1 class.error
0 144706   5457  0.03634051
1  18222 131615  0.12161215
 Precision 
0.03759474 
   Recall 
0.8878282 
        F1 
0.07213496 
NULL
