000 (240636.000.000) 2022-12-12 17:13:18 Job submitted from host: <128.104.100.148:9618?addrs=128.104.100.148-9618+[2607-f388-107c-501-216-3eff-feb2-bc11]-9618&alias=learn.chtc.wisc.edu&noUDP&sock=schedd_6018_6d09>
...
040 (240636.000.000) 2022-12-12 17:13:29 Started transferring input files
	Transferring to host: <128.105.244.120:9618?addrs=128.105.244.120-9618&alias=build3000.chtc.wisc.edu&noUDP&sock=slot1_1_17599_d665_85448>
...
040 (240636.000.000) 2022-12-12 17:14:25 Finished transferring input files
...
001 (240636.000.000) 2022-12-12 17:14:26 Job executing on host: <128.105.244.120:9618?addrs=128.105.244.120-9618&alias=build3000.chtc.wisc.edu&noUDP&sock=startd_7843_3960>
...
006 (240636.000.000) 2022-12-12 17:14:35 Image size of job updated: 236040
	225  -  MemoryUsage of job (MB)
	230368  -  ResidentSetSize of job (KB)
...
006 (240636.000.000) 2022-12-12 17:19:36 Image size of job updated: 18936256
	17449  -  MemoryUsage of job (MB)
	17866972  -  ResidentSetSize of job (KB)
...
040 (240636.000.000) 2022-12-12 17:19:52 Started transferring output files
...
040 (240636.000.000) 2022-12-12 17:19:52 Finished transferring output files
...
005 (240636.000.000) 2022-12-12 17:19:52 Job terminated.
	(1) Normal termination (return value 0)
		Usr 0 00:05:08, Sys 0 00:00:19  -  Run Remote Usage
		Usr 0 00:00:00, Sys 0 00:00:00  -  Run Local Usage
		Usr 0 00:05:08, Sys 0 00:00:19  -  Total Remote Usage
		Usr 0 00:00:00, Sys 0 00:00:00  -  Total Local Usage
	1374  -  Run Bytes Sent By Job
	1634229248  -  Run Bytes Received By Job
	1374  -  Total Bytes Sent By Job
	1634229248  -  Total Bytes Received By Job
	Partitionable Resources :      Usage  Request Allocated 
	   Cpus                 :       1.00        1         1 
	   Disk (KB)            : 1933694    20971520  21753214 
	   IoHeavy              :                             0 
	   Memory (MB)          :   17449       20480     20480 

	Job terminated of its own accord at 2022-12-12T23:19:52Z with exit-code 0.
...
