000 (240634.000.000) 2022-12-12 16:50:12 Job submitted from host: <128.104.100.148:9618?addrs=128.104.100.148-9618+[2607-f388-107c-501-216-3eff-feb2-bc11]-9618&alias=learn.chtc.wisc.edu&noUDP&sock=schedd_6018_6d09>
...
040 (240634.000.000) 2022-12-12 16:50:21 Started transferring input files
	Transferring to host: <128.105.244.120:9618?addrs=128.105.244.120-9618&alias=build3000.chtc.wisc.edu&noUDP&sock=slot1_1_17599_d665_85398>
...
040 (240634.000.000) 2022-12-12 16:51:28 Finished transferring input files
...
001 (240634.000.000) 2022-12-12 16:51:29 Job executing on host: <128.105.244.120:9618?addrs=128.105.244.120-9618&alias=build3000.chtc.wisc.edu&noUDP&sock=startd_7843_3960>
...
006 (240634.000.000) 2022-12-12 16:51:37 Image size of job updated: 217484
	209  -  MemoryUsage of job (MB)
	214004  -  ResidentSetSize of job (KB)
...
006 (240634.000.000) 2022-12-12 16:56:37 Image size of job updated: 18771812
	18075  -  MemoryUsage of job (MB)
	18508452  -  ResidentSetSize of job (KB)
...
006 (240634.000.000) 2022-12-12 16:57:28 Image size of job updated: 20971404
	20480  -  MemoryUsage of job (MB)
	20971388  -  ResidentSetSize of job (KB)
...
007 (240634.000.000) 2022-12-12 16:57:28 Shadow exception!
	Error from slot1_1@build3000.chtc.wisc.edu: Job has gone over memory limit of 18432 megabytes. Peak usage: 20480 megabytes.
	0  -  Run Bytes Sent By Job
	1634229248  -  Run Bytes Received By Job
...
012 (240634.000.000) 2022-12-12 16:57:28 Job was held.
	Error from slot1_1@build3000.chtc.wisc.edu: Job has gone over memory limit of 18432 megabytes. Peak usage: 20480 megabytes.
	Code 34 Subcode 0
...
009 (240634.000.000) 2022-12-12 17:03:00 Job was aborted.
	via condor_rm (by user zhao485)
...
